<?xml version="1.0" encoding="UTF-8"?>
<!-- Generated by org.testng.reporters.JUnitXMLReporter -->
<testsuite ignored="0" hostname="LAPTOP-9E55LMAH" failures="1" tests="2" name="Test" time="5.748" errors="0" timestamp="2023-01-09T09:56:03 CLST">
  <testcase classname="cl.local.base.Base" name="@AfterMethod tearDown" time="0.034">
    <failure type="org.openqa.selenium.NoSuchElementException" message="no such element: Unable to locate element: {&amp;quot;method&amp;quot;:&amp;quot;xpath&amp;quot;,&amp;quot;selector&amp;quot;:&amp;quot;//a[@class=&amp;apos;dropdown-toggle&amp;apos;]/span[@class=&amp;apos;user-info&amp;apos;]&amp;quot;}
  (Session info: chrome=108.0.5359.125)
For documentation on this error, please visit: https://selenium.dev/exceptions/#no_such_element
Build info: version: &amp;apos;4.6.0&amp;apos;, revision: &amp;apos;79f1c02ae20&amp;apos;
System info: os.name: &amp;apos;Windows 11&amp;apos;, os.arch: &amp;apos;amd64&amp;apos;, os.version: &amp;apos;10.0&amp;apos;, java.version: &amp;apos;19.0.1&amp;apos;
Driver info: org.openqa.selenium.remote.RemoteWebDriver
Command: [b021dfa5ecc12229bb49f825ff776e58, findElement {using=xpath, value=//a[@class=&amp;apos;dropdown-toggle&amp;apos;]/span[@class=&amp;apos;user-info&amp;apos;]}]
Capabilities {acceptInsecureCerts: false, browserName: chrome, browserVersion: 108.0.5359.125, chrome: {chromedriverVersion: 108.0.5359.71 (1e0e3868ee06..., userDataDir: C:\Users\info\AppData\Local...}, goog:chromeOptions: {debuggerAddress: localhost:50403}, networkConnectionEnabled: false, pageLoadStrategy: normal, platformName: WINDOWS, proxy: Proxy(), se:bidiEnabled: false, se:cdp: ws://192.168.1.144:4444/ses..., se:cdpVersion: 108.0.5359.125, setWindowRect: true, strictFileInteractability: false, timeouts: {implicit: 0, pageLoad: 300000, script: 30000}, unhandledPromptBehavior: dismiss and notify, webauthn:extension:credBlob: true, webauthn:extension:largeBlob: true, webauthn:virtualAuthenticators: true}
Session ID: b021dfa5ecc12229bb49f825ff776e58">
      <![CDATA[org.openqa.selenium.NoSuchElementException: no such element: Unable to locate element: {"method":"xpath","selector":"//a[@class='dropdown-toggle']/span[@class='user-info']"}
  (Session info: chrome=108.0.5359.125)
For documentation on this error, please visit: https://selenium.dev/exceptions/#no_such_element
Build info: version: '4.6.0', revision: '79f1c02ae20'
System info: os.name: 'Windows 11', os.arch: 'amd64', os.version: '10.0', java.version: '19.0.1'
Driver info: org.openqa.selenium.remote.RemoteWebDriver
Command: [b021dfa5ecc12229bb49f825ff776e58, findElement {using=xpath, value=//a[@class='dropdown-toggle']/span[@class='user-info']}]
Capabilities {acceptInsecureCerts: false, browserName: chrome, browserVersion: 108.0.5359.125, chrome: {chromedriverVersion: 108.0.5359.71 (1e0e3868ee06..., userDataDir: C:\Users\info\AppData\Local...}, goog:chromeOptions: {debuggerAddress: localhost:50403}, networkConnectionEnabled: false, pageLoadStrategy: normal, platformName: WINDOWS, proxy: Proxy(), se:bidiEnabled: false, se:cdp: ws://192.168.1.144:4444/ses..., se:cdpVersion: 108.0.5359.125, setWindowRect: true, strictFileInteractability: false, timeouts: {implicit: 0, pageLoad: 300000, script: 30000}, unhandledPromptBehavior: dismiss and notify, webauthn:extension:credBlob: true, webauthn:extension:largeBlob: true, webauthn:virtualAuthenticators: true}
Session ID: b021dfa5ecc12229bb49f825ff776e58
at org.openqa.selenium.remote.codec.w3c.W3CHttpResponseCodec.createException(W3CHttpResponseCodec.java:200)
at org.openqa.selenium.remote.codec.w3c.W3CHttpResponseCodec.decode(W3CHttpResponseCodec.java:133)
at org.openqa.selenium.remote.codec.w3c.W3CHttpResponseCodec.decode(W3CHttpResponseCodec.java:53)
at org.openqa.selenium.remote.HttpCommandExecutor.execute(HttpCommandExecutor.java:184)
at org.openqa.selenium.remote.TracedCommandExecutor.execute(TracedCommandExecutor.java:51)
at org.openqa.selenium.remote.RemoteWebDriver.execute(RemoteWebDriver.java:541)
at org.openqa.selenium.remote.ElementLocation$ElementFinder$2.findElement(ElementLocation.java:162)
at org.openqa.selenium.remote.ElementLocation.findElement(ElementLocation.java:60)
at org.openqa.selenium.remote.RemoteWebDriver.findElement(RemoteWebDriver.java:365)
at org.openqa.selenium.remote.RemoteWebDriver.findElement(RemoteWebDriver.java:357)
at cl.local.base.Base.LogoutMantis(Base.java:129)
at cl.local.base.Base.tearDown(Base.java:118)
at java.base/java.util.ArrayList.forEach(ArrayList.java:1511)
... Removed 33 stack frames]]>
    </failure>
  </testcase> <!-- @AfterMethod tearDown -->
  <testcase classname="cl.local.base.Base" name="@BeforeMethod setUp" time="-1.673268963089E9">
    <skipped/>
  </testcase> <!-- @BeforeMethod setUp -->
  <testcase classname="cl.local.base.Base" name="@AfterMethod tearDown" time="-1.673268963094E9">
    <skipped/>
  </testcase> <!-- @AfterMethod tearDown -->
  <testcase classname="cl.local.test.LoginOKMantis" name="loginOKMantis" time="1.9">
    <failure type="java.lang.NullPointerException" message="Cannot invoke &amp;quot;com.aventstack.extentreports.ExtentTest.log(com.aventstack.extentreports.Status, String, com.aventstack.extentreports.MediaEntityModelProvider)&amp;quot; because &amp;quot;utils.ExtentManager.test&amp;quot; is null">
      <![CDATA[java.lang.NullPointerException: Cannot invoke "com.aventstack.extentreports.ExtentTest.log(com.aventstack.extentreports.Status, String, com.aventstack.extentreports.MediaEntityModelProvider)" because "utils.ExtentManager.test" is null
at cl.local.base.Base.Type(Base.java:205)
at cl.local.base.Base.LogInMantis(Base.java:137)
at cl.local.test.LoginOKMantis.loginOKMantis(LoginOKMantis.java:21)
at java.base/java.util.ArrayList.forEach(ArrayList.java:1511)
... Removed 25 stack frames]]>
    </failure>
  </testcase> <!-- loginOKMantis -->
  <testcase classname="cl.local.test.LoginOKMantis" name="loginOKMantis" time="0.0">
    <skipped/>
  </testcase> <!-- loginOKMantis -->
</testsuite> <!-- Test -->
